2023-08-14 09:28:58.403559: New session created. Loading source files.
2023-08-14 09:28:58.439445: Done loading source files.
2023-08-14 09:28:58.998142: Initialization finished.
2023-08-14 09:29:06.267616: Entry modified at 1 4 .
2023-08-14 09:29:06.298903: Original entry found. appending updates.
2023-08-14 09:31:29.816684: New session created. Loading source files.
2023-08-14 09:31:29.833707: Done loading source files.
2023-08-14 09:31:29.863008: Initialization finished.
2023-08-14 09:31:35.162123: Entry modified at 1 5 .
2023-08-14 09:31:35.212833: Original entry found. Appending updates for parameter Cast
2023-08-14 09:33:58.992619: New session created. Loading source files.
2023-08-14 09:33:59.017049: Done loading source files.
2023-08-14 09:33:59.057575: Initialization finished.
2023-08-14 09:34:05.204753: Entry modified at 1 5 .
2023-08-14 09:34:05.757051: Original entry found. Appending updates for parameter Cast with value 5
2023-08-14 09:34:10.940974: Entry modified at 1 4 .
2023-08-14 09:34:10.989722: Original entry found. Appending updates for parameter Station with value Stn1
2023-08-14 09:34:21.943507: New session created. Loading source files.
2023-08-14 09:34:21.955585: Done loading source files.
2023-08-14 09:34:21.980835: Initialization finished.
2023-08-14 09:35:55.397858: New session created. Loading source files.
2023-08-14 09:35:55.429176: Done loading source files.
2023-08-14 09:35:55.47828: Initialization finished.
2023-08-14 09:36:14.256362: Entry modified at 1 3 .
2023-08-14 09:36:14.306568: Original entry found. Appending updates for parameter Time with value 2023-08-14T17:28:50Z
2023-08-14 09:36:33.866567: Logging user event 3364048b .
2023-08-14 09:36:34.079325: Incremeting action item selection.
2023-08-14 09:36:38.926631: Logging user event b763eaab .
2023-08-14 09:36:38.95074: Clearing user input fields.
2023-08-14 09:36:50.781607: New session created. Loading source files.
2023-08-14 09:36:50.790539: Done loading source files.
2023-08-14 09:36:50.811759: Initialization finished.
2023-08-14 09:37:16.681083: Preparing xlsx download.
2023-08-14 09:38:21.814124: New session created. Loading source files.
2023-08-14 09:38:21.828274: Done loading source files.
2023-08-14 09:38:21.853485: Initialization finished.
2023-08-14 09:38:32.397137: Logging user event 4e2aa4d8 .
2023-08-14 09:38:32.444859: Incremeting action item selection.
2023-08-14 09:38:39.420195: Logging user event 7839c96b .
2023-08-14 09:38:39.457849: Clearing user input fields.
2023-08-14 09:39:01.286358: Entry modified at 5 3 .
2023-08-14 09:39:01.35261: Original entry found. Appending updates for parameter Time with value 2023-08-14T12:10:00Z
2023-08-14 09:39:27.797143: Entry modified at 5 3 .
2023-08-14 09:39:28.05121: Original entry found. Appending updates for parameter Time with value 2023-08-14 19:38:39
2023-08-14 09:41:15.035587: New session created. Loading source files.
2023-08-14 09:41:15.049827: Done loading source files.
2023-08-14 09:41:15.07162: Initialization finished.
2023-08-14 09:41:38.861543: Entry modified at 3 4 .
2023-08-14 09:41:38.920526: Original entry found. Appending updates for parameter Station with value gak1
2023-08-14 09:41:45.353204: Entry modified at 4 4 .
2023-08-14 09:41:45.457376: Original entry found. Appending updates for parameter Station with value gak2
2023-08-14 09:43:17.808782: New session created. Loading source files.
2023-08-14 09:43:17.821404: Done loading source files.
2023-08-14 09:43:17.844141: Initialization finished.
2023-08-14 09:43:44.633161: New session created. Loading source files.
2023-08-14 09:43:44.642688: Done loading source files.
2023-08-14 09:43:44.658159: Initialization finished.
